<?xml version="1.0" encoding="UTF-8"?>
<testsuite xmlns:xsi="http://www.w3.org/2001/XMLSchema-instance" xsi:noNamespaceSchemaLocation="https://maven.apache.org/surefire/maven-surefire-plugin/xsd/surefire-test-report.xsd" name="com.genmed.genmed.WebApplicationTests" time="3.526" tests="1" errors="0" skipped="0" failures="0">
  <properties>
    <property name="sun.desktop" value="gnome"/>
    <property name="awt.toolkit" value="sun.awt.X11.XToolkit"/>
    <property name="file.encoding.pkg" value="sun.io"/>
    <property name="java.specification.version" value="1.8"/>
    <property name="sun.cpu.isalist" value=""/>
    <property name="sun.jnu.encoding" value="UTF-8"/>
    <property name="java.class.path" value="/home/parzival/Repos/GenMed-Spring/genmed/target/test-classes:/home/parzival/Repos/GenMed-Spring/genmed/target/classes:/home/parzival/.m2/repository/org/springframework/boot/spring-boot-starter-jdbc/2.2.0.M6/spring-boot-starter-jdbc-2.2.0.M6.jar:/home/parzival/.m2/repository/org/springframework/boot/spring-boot-starter/2.2.0.M6/spring-boot-starter-2.2.0.M6.jar:/home/parzival/.m2/repository/org/springframework/boot/spring-boot-starter-logging/2.2.0.M6/spring-boot-starter-logging-2.2.0.M6.jar:/home/parzival/.m2/repository/ch/qos/logback/logback-classic/1.2.3/logback-classic-1.2.3.jar:/home/parzival/.m2/repository/ch/qos/logback/logback-core/1.2.3/logback-core-1.2.3.jar:/home/parzival/.m2/repository/org/apache/logging/log4j/log4j-to-slf4j/2.12.1/log4j-to-slf4j-2.12.1.jar:/home/parzival/.m2/repository/org/apache/logging/log4j/log4j-api/2.12.1/log4j-api-2.12.1.jar:/home/parzival/.m2/repository/org/slf4j/jul-to-slf4j/1.7.28/jul-to-slf4j-1.7.28.jar:/home/parzival/.m2/repository/jakarta/annotation/jakarta.annotation-api/1.3.5/jakarta.annotation-api-1.3.5.jar:/home/parzival/.m2/repository/org/yaml/snakeyaml/1.25/snakeyaml-1.25.jar:/home/parzival/.m2/repository/com/zaxxer/HikariCP/3.3.1/HikariCP-3.3.1.jar:/home/parzival/.m2/repository/org/slf4j/slf4j-api/1.7.28/slf4j-api-1.7.28.jar:/home/parzival/.m2/repository/org/springframework/spring-jdbc/5.2.0.RC2/spring-jdbc-5.2.0.RC2.jar:/home/parzival/.m2/repository/org/springframework/spring-beans/5.2.0.RC2/spring-beans-5.2.0.RC2.jar:/home/parzival/.m2/repository/org/springframework/spring-tx/5.2.0.RC2/spring-tx-5.2.0.RC2.jar:/home/parzival/.m2/repository/org/springframework/boot/spring-boot-starter-security/2.2.0.M6/spring-boot-starter-security-2.2.0.M6.jar:/home/parzival/.m2/repository/org/springframework/spring-aop/5.2.0.RC2/spring-aop-5.2.0.RC2.jar:/home/parzival/.m2/repository/org/springframework/security/spring-security-config/5.2.0.RC1/spring-security-config-5.2.0.RC1.jar:/home/parzival/.m2/repository/org/springframework/spring-context/5.2.0.RC2/spring-context-5.2.0.RC2.jar:/home/parzival/.m2/repository/org/springframework/security/spring-security-web/5.2.0.RC1/spring-security-web-5.2.0.RC1.jar:/home/parzival/.m2/repository/org/springframework/spring-expression/5.2.0.RC2/spring-expression-5.2.0.RC2.jar:/home/parzival/.m2/repository/org/springframework/boot/spring-boot-starter-web/2.2.0.M6/spring-boot-starter-web-2.2.0.M6.jar:/home/parzival/.m2/repository/org/springframework/boot/spring-boot-starter-json/2.2.0.M6/spring-boot-starter-json-2.2.0.M6.jar:/home/parzival/.m2/repository/com/fasterxml/jackson/core/jackson-databind/2.9.9.3/jackson-databind-2.9.9.3.jar:/home/parzival/.m2/repository/com/fasterxml/jackson/core/jackson-annotations/2.9.0/jackson-annotations-2.9.0.jar:/home/parzival/.m2/repository/com/fasterxml/jackson/core/jackson-core/2.9.9/jackson-core-2.9.9.jar:/home/parzival/.m2/repository/com/fasterxml/jackson/datatype/jackson-datatype-jdk8/2.9.9/jackson-datatype-jdk8-2.9.9.jar:/home/parzival/.m2/repository/com/fasterxml/jackson/datatype/jackson-datatype-jsr310/2.9.9/jackson-datatype-jsr310-2.9.9.jar:/home/parzival/.m2/repository/com/fasterxml/jackson/module/jackson-module-parameter-names/2.9.9/jackson-module-parameter-names-2.9.9.jar:/home/parzival/.m2/repository/org/springframework/boot/spring-boot-starter-tomcat/2.2.0.M6/spring-boot-starter-tomcat-2.2.0.M6.jar:/home/parzival/.m2/repository/org/apache/tomcat/embed/tomcat-embed-core/9.0.24/tomcat-embed-core-9.0.24.jar:/home/parzival/.m2/repository/org/apache/tomcat/embed/tomcat-embed-el/9.0.24/tomcat-embed-el-9.0.24.jar:/home/parzival/.m2/repository/org/apache/tomcat/embed/tomcat-embed-websocket/9.0.24/tomcat-embed-websocket-9.0.24.jar:/home/parzival/.m2/repository/org/springframework/boot/spring-boot-starter-validation/2.2.0.M6/spring-boot-starter-validation-2.2.0.M6.jar:/home/parzival/.m2/repository/jakarta/validation/jakarta.validation-api/2.0.1/jakarta.validation-api-2.0.1.jar:/home/parzival/.m2/repository/org/hibernate/validator/hibernate-validator/6.0.17.Final/hibernate-validator-6.0.17.Final.jar:/home/parzival/.m2/repository/org/jboss/logging/jboss-logging/3.4.1.Final/jboss-logging-3.4.1.Final.jar:/home/parzival/.m2/repository/com/fasterxml/classmate/1.5.0/classmate-1.5.0.jar:/home/parzival/.m2/repository/org/springframework/spring-web/5.2.0.RC2/spring-web-5.2.0.RC2.jar:/home/parzival/.m2/repository/org/springframework/spring-webmvc/5.2.0.RC2/spring-webmvc-5.2.0.RC2.jar:/home/parzival/.m2/repository/org/springframework/session/spring-session-core/2.2.0.M4/spring-session-core-2.2.0.M4.jar:/home/parzival/.m2/repository/org/springframework/spring-jcl/5.2.0.RC2/spring-jcl-5.2.0.RC2.jar:/home/parzival/.m2/repository/org/springframework/boot/spring-boot-devtools/2.2.0.M6/spring-boot-devtools-2.2.0.M6.jar:/home/parzival/.m2/repository/org/springframework/boot/spring-boot/2.2.0.M6/spring-boot-2.2.0.M6.jar:/home/parzival/.m2/repository/org/springframework/boot/spring-boot-autoconfigure/2.2.0.M6/spring-boot-autoconfigure-2.2.0.M6.jar:/home/parzival/.m2/repository/mysql/mysql-connector-java/8.0.17/mysql-connector-java-8.0.17.jar:/home/parzival/.m2/repository/org/projectlombok/lombok/1.18.8/lombok-1.18.8.jar:/home/parzival/.m2/repository/org/springframework/boot/spring-boot-starter-test/2.2.0.M6/spring-boot-starter-test-2.2.0.M6.jar:/home/parzival/.m2/repository/org/springframework/boot/spring-boot-test/2.2.0.M6/spring-boot-test-2.2.0.M6.jar:/home/parzival/.m2/repository/org/springframework/boot/spring-boot-test-autoconfigure/2.2.0.M6/spring-boot-test-autoconfigure-2.2.0.M6.jar:/home/parzival/.m2/repository/com/jayway/jsonpath/json-path/2.4.0/json-path-2.4.0.jar:/home/parzival/.m2/repository/net/minidev/json-smart/2.3/json-smart-2.3.jar:/home/parzival/.m2/repository/net/minidev/accessors-smart/1.2/accessors-smart-1.2.jar:/home/parzival/.m2/repository/org/ow2/asm/asm/5.0.4/asm-5.0.4.jar:/home/parzival/.m2/repository/jakarta/xml/bind/jakarta.xml.bind-api/2.3.2/jakarta.xml.bind-api-2.3.2.jar:/home/parzival/.m2/repository/jakarta/activation/jakarta.activation-api/1.2.1/jakarta.activation-api-1.2.1.jar:/home/parzival/.m2/repository/org/junit/jupiter/junit-jupiter/5.5.2/junit-jupiter-5.5.2.jar:/home/parzival/.m2/repository/org/junit/jupiter/junit-jupiter-api/5.5.2/junit-jupiter-api-5.5.2.jar:/home/parzival/.m2/repository/org/apiguardian/apiguardian-api/1.1.0/apiguardian-api-1.1.0.jar:/home/parzival/.m2/repository/org/opentest4j/opentest4j/1.2.0/opentest4j-1.2.0.jar:/home/parzival/.m2/repository/org/junit/platform/junit-platform-commons/1.5.2/junit-platform-commons-1.5.2.jar:/home/parzival/.m2/repository/org/junit/jupiter/junit-jupiter-params/5.5.2/junit-jupiter-params-5.5.2.jar:/home/parzival/.m2/repository/org/junit/jupiter/junit-jupiter-engine/5.5.2/junit-jupiter-engine-5.5.2.jar:/home/parzival/.m2/repository/org/junit/platform/junit-platform-engine/1.5.2/junit-platform-engine-1.5.2.jar:/home/parzival/.m2/repository/org/mockito/mockito-junit-jupiter/3.0.0/mockito-junit-jupiter-3.0.0.jar:/home/parzival/.m2/repository/org/assertj/assertj-core/3.13.2/assertj-core-3.13.2.jar:/home/parzival/.m2/repository/org/hamcrest/hamcrest/2.1/hamcrest-2.1.jar:/home/parzival/.m2/repository/org/mockito/mockito-core/3.0.0/mockito-core-3.0.0.jar:/home/parzival/.m2/repository/net/bytebuddy/byte-buddy/1.10.1/byte-buddy-1.10.1.jar:/home/parzival/.m2/repository/net/bytebuddy/byte-buddy-agent/1.10.1/byte-buddy-agent-1.10.1.jar:/home/parzival/.m2/repository/org/objenesis/objenesis/2.6/objenesis-2.6.jar:/home/parzival/.m2/repository/org/skyscreamer/jsonassert/1.5.0/jsonassert-1.5.0.jar:/home/parzival/.m2/repository/com/vaadin/external/google/android-json/0.0.20131108.vaadin1/android-json-0.0.20131108.vaadin1.jar:/home/parzival/.m2/repository/org/springframework/spring-core/5.2.0.RC2/spring-core-5.2.0.RC2.jar:/home/parzival/.m2/repository/org/springframework/spring-test/5.2.0.RC2/spring-test-5.2.0.RC2.jar:/home/parzival/.m2/repository/org/xmlunit/xmlunit-core/2.6.3/xmlunit-core-2.6.3.jar:/home/parzival/.m2/repository/org/springframework/security/spring-security-test/5.2.0.RC1/spring-security-test-5.2.0.RC1.jar:/home/parzival/.m2/repository/org/springframework/security/spring-security-core/5.2.0.RC1/spring-security-core-5.2.0.RC1.jar:/home/parzival/.m2/repository/org/jtwig/jtwig-spring-boot-starter/5.87.0.RELEASE/jtwig-spring-boot-starter-5.87.0.RELEASE.jar:/home/parzival/.m2/repository/org/jtwig/jtwig-spring/5.87.0.RELEASE/jtwig-spring-5.87.0.RELEASE.jar:/home/parzival/.m2/repository/org/jtwig/jtwig-web/5.87.0.RELEASE/jtwig-web-5.87.0.RELEASE.jar:/home/parzival/.m2/repository/org/jtwig/jtwig-core/5.87.0.RELEASE/jtwig-core-5.87.0.RELEASE.jar:/home/parzival/.m2/repository/org/jtwig/jtwig-reflection/5.87.0.RELEASE/jtwig-reflection-5.87.0.RELEASE.jar:/home/parzival/.m2/repository/org/parboiled/parboiled-java/1.1.7/parboiled-java-1.1.7.jar:/home/parzival/.m2/repository/org/parboiled/parboiled-core/1.1.7/parboiled-core-1.1.7.jar:/home/parzival/.m2/repository/org/ow2/asm/asm-tree/5.0.3/asm-tree-5.0.3.jar:/home/parzival/.m2/repository/org/ow2/asm/asm-analysis/5.0.3/asm-analysis-5.0.3.jar:/home/parzival/.m2/repository/org/ow2/asm/asm-util/5.0.3/asm-util-5.0.3.jar:/home/parzival/.m2/repository/com/googlecode/concurrentlinkedhashmap/concurrentlinkedhashmap-lru/1.4.2/concurrentlinkedhashmap-lru-1.4.2.jar:/home/parzival/.m2/repository/org/apache/httpcomponents/httpclient/4.5.9/httpclient-4.5.9.jar:/home/parzival/.m2/repository/org/apache/httpcomponents/httpcore/4.4.12/httpcore-4.4.12.jar:/home/parzival/.m2/repository/commons-codec/commons-codec/1.13/commons-codec-1.13.jar:/home/parzival/.m2/repository/com/google/guava/guava/18.0/guava-18.0.jar:/home/parzival/.m2/repository/org/apache/commons/commons-lang3/3.9/commons-lang3-3.9.jar:/home/parzival/.m2/repository/org/springframework/boot/spring-boot-configuration-processor/2.2.0.M6/spring-boot-configuration-processor-2.2.0.M6.jar:"/>
    <property name="java.vm.vendor" value="Oracle Corporation"/>
    <property name="sun.arch.data.model" value="64"/>
    <property name="java.vendor.url" value="http://java.oracle.com/"/>
    <property name="user.timezone" value=""/>
    <property name="java.vm.specification.version" value="1.8"/>
    <property name="os.name" value="Linux"/>
    <property name="user.country" value="IN"/>
    <property name="sun.java.launcher" value="SUN_STANDARD"/>
    <property name="sun.boot.library.path" value="/usr/lib/jvm/java-8-openjdk/jre/lib/amd64"/>
    <property name="sun.java.command" value="/home/parzival/Repos/GenMed-Spring/genmed/target/surefire/surefirebooter1718861588666599233.jar /home/parzival/Repos/GenMed-Spring/genmed/target/surefire 2019-10-14T16-43-20_130-jvmRun1 surefire7668781891739579784tmp surefire_01334212923793728823tmp"/>
    <property name="surefire.test.class.path" value="/home/parzival/Repos/GenMed-Spring/genmed/target/test-classes:/home/parzival/Repos/GenMed-Spring/genmed/target/classes:/home/parzival/.m2/repository/org/springframework/boot/spring-boot-starter-jdbc/2.2.0.M6/spring-boot-starter-jdbc-2.2.0.M6.jar:/home/parzival/.m2/repository/org/springframework/boot/spring-boot-starter/2.2.0.M6/spring-boot-starter-2.2.0.M6.jar:/home/parzival/.m2/repository/org/springframework/boot/spring-boot-starter-logging/2.2.0.M6/spring-boot-starter-logging-2.2.0.M6.jar:/home/parzival/.m2/repository/ch/qos/logback/logback-classic/1.2.3/logback-classic-1.2.3.jar:/home/parzival/.m2/repository/ch/qos/logback/logback-core/1.2.3/logback-core-1.2.3.jar:/home/parzival/.m2/repository/org/apache/logging/log4j/log4j-to-slf4j/2.12.1/log4j-to-slf4j-2.12.1.jar:/home/parzival/.m2/repository/org/apache/logging/log4j/log4j-api/2.12.1/log4j-api-2.12.1.jar:/home/parzival/.m2/repository/org/slf4j/jul-to-slf4j/1.7.28/jul-to-slf4j-1.7.28.jar:/home/parzival/.m2/repository/jakarta/annotation/jakarta.annotation-api/1.3.5/jakarta.annotation-api-1.3.5.jar:/home/parzival/.m2/repository/org/yaml/snakeyaml/1.25/snakeyaml-1.25.jar:/home/parzival/.m2/repository/com/zaxxer/HikariCP/3.3.1/HikariCP-3.3.1.jar:/home/parzival/.m2/repository/org/slf4j/slf4j-api/1.7.28/slf4j-api-1.7.28.jar:/home/parzival/.m2/repository/org/springframework/spring-jdbc/5.2.0.RC2/spring-jdbc-5.2.0.RC2.jar:/home/parzival/.m2/repository/org/springframework/spring-beans/5.2.0.RC2/spring-beans-5.2.0.RC2.jar:/home/parzival/.m2/repository/org/springframework/spring-tx/5.2.0.RC2/spring-tx-5.2.0.RC2.jar:/home/parzival/.m2/repository/org/springframework/boot/spring-boot-starter-security/2.2.0.M6/spring-boot-starter-security-2.2.0.M6.jar:/home/parzival/.m2/repository/org/springframework/spring-aop/5.2.0.RC2/spring-aop-5.2.0.RC2.jar:/home/parzival/.m2/repository/org/springframework/security/spring-security-config/5.2.0.RC1/spring-security-config-5.2.0.RC1.jar:/home/parzival/.m2/repository/org/springframework/spring-context/5.2.0.RC2/spring-context-5.2.0.RC2.jar:/home/parzival/.m2/repository/org/springframework/security/spring-security-web/5.2.0.RC1/spring-security-web-5.2.0.RC1.jar:/home/parzival/.m2/repository/org/springframework/spring-expression/5.2.0.RC2/spring-expression-5.2.0.RC2.jar:/home/parzival/.m2/repository/org/springframework/boot/spring-boot-starter-web/2.2.0.M6/spring-boot-starter-web-2.2.0.M6.jar:/home/parzival/.m2/repository/org/springframework/boot/spring-boot-starter-json/2.2.0.M6/spring-boot-starter-json-2.2.0.M6.jar:/home/parzival/.m2/repository/com/fasterxml/jackson/core/jackson-databind/2.9.9.3/jackson-databind-2.9.9.3.jar:/home/parzival/.m2/repository/com/fasterxml/jackson/core/jackson-annotations/2.9.0/jackson-annotations-2.9.0.jar:/home/parzival/.m2/repository/com/fasterxml/jackson/core/jackson-core/2.9.9/jackson-core-2.9.9.jar:/home/parzival/.m2/repository/com/fasterxml/jackson/datatype/jackson-datatype-jdk8/2.9.9/jackson-datatype-jdk8-2.9.9.jar:/home/parzival/.m2/repository/com/fasterxml/jackson/datatype/jackson-datatype-jsr310/2.9.9/jackson-datatype-jsr310-2.9.9.jar:/home/parzival/.m2/repository/com/fasterxml/jackson/module/jackson-module-parameter-names/2.9.9/jackson-module-parameter-names-2.9.9.jar:/home/parzival/.m2/repository/org/springframework/boot/spring-boot-starter-tomcat/2.2.0.M6/spring-boot-starter-tomcat-2.2.0.M6.jar:/home/parzival/.m2/repository/org/apache/tomcat/embed/tomcat-embed-core/9.0.24/tomcat-embed-core-9.0.24.jar:/home/parzival/.m2/repository/org/apache/tomcat/embed/tomcat-embed-el/9.0.24/tomcat-embed-el-9.0.24.jar:/home/parzival/.m2/repository/org/apache/tomcat/embed/tomcat-embed-websocket/9.0.24/tomcat-embed-websocket-9.0.24.jar:/home/parzival/.m2/repository/org/springframework/boot/spring-boot-starter-validation/2.2.0.M6/spring-boot-starter-validation-2.2.0.M6.jar:/home/parzival/.m2/repository/jakarta/validation/jakarta.validation-api/2.0.1/jakarta.validation-api-2.0.1.jar:/home/parzival/.m2/repository/org/hibernate/validator/hibernate-validator/6.0.17.Final/hibernate-validator-6.0.17.Final.jar:/home/parzival/.m2/repository/org/jboss/logging/jboss-logging/3.4.1.Final/jboss-logging-3.4.1.Final.jar:/home/parzival/.m2/repository/com/fasterxml/classmate/1.5.0/classmate-1.5.0.jar:/home/parzival/.m2/repository/org/springframework/spring-web/5.2.0.RC2/spring-web-5.2.0.RC2.jar:/home/parzival/.m2/repository/org/springframework/spring-webmvc/5.2.0.RC2/spring-webmvc-5.2.0.RC2.jar:/home/parzival/.m2/repository/org/springframework/session/spring-session-core/2.2.0.M4/spring-session-core-2.2.0.M4.jar:/home/parzival/.m2/repository/org/springframework/spring-jcl/5.2.0.RC2/spring-jcl-5.2.0.RC2.jar:/home/parzival/.m2/repository/org/springframework/boot/spring-boot-devtools/2.2.0.M6/spring-boot-devtools-2.2.0.M6.jar:/home/parzival/.m2/repository/org/springframework/boot/spring-boot/2.2.0.M6/spring-boot-2.2.0.M6.jar:/home/parzival/.m2/repository/org/springframework/boot/spring-boot-autoconfigure/2.2.0.M6/spring-boot-autoconfigure-2.2.0.M6.jar:/home/parzival/.m2/repository/mysql/mysql-connector-java/8.0.17/mysql-connector-java-8.0.17.jar:/home/parzival/.m2/repository/org/projectlombok/lombok/1.18.8/lombok-1.18.8.jar:/home/parzival/.m2/repository/org/springframework/boot/spring-boot-starter-test/2.2.0.M6/spring-boot-starter-test-2.2.0.M6.jar:/home/parzival/.m2/repository/org/springframework/boot/spring-boot-test/2.2.0.M6/spring-boot-test-2.2.0.M6.jar:/home/parzival/.m2/repository/org/springframework/boot/spring-boot-test-autoconfigure/2.2.0.M6/spring-boot-test-autoconfigure-2.2.0.M6.jar:/home/parzival/.m2/repository/com/jayway/jsonpath/json-path/2.4.0/json-path-2.4.0.jar:/home/parzival/.m2/repository/net/minidev/json-smart/2.3/json-smart-2.3.jar:/home/parzival/.m2/repository/net/minidev/accessors-smart/1.2/accessors-smart-1.2.jar:/home/parzival/.m2/repository/org/ow2/asm/asm/5.0.4/asm-5.0.4.jar:/home/parzival/.m2/repository/jakarta/xml/bind/jakarta.xml.bind-api/2.3.2/jakarta.xml.bind-api-2.3.2.jar:/home/parzival/.m2/repository/jakarta/activation/jakarta.activation-api/1.2.1/jakarta.activation-api-1.2.1.jar:/home/parzival/.m2/repository/org/junit/jupiter/junit-jupiter/5.5.2/junit-jupiter-5.5.2.jar:/home/parzival/.m2/repository/org/junit/jupiter/junit-jupiter-api/5.5.2/junit-jupiter-api-5.5.2.jar:/home/parzival/.m2/repository/org/apiguardian/apiguardian-api/1.1.0/apiguardian-api-1.1.0.jar:/home/parzival/.m2/repository/org/opentest4j/opentest4j/1.2.0/opentest4j-1.2.0.jar:/home/parzival/.m2/repository/org/junit/platform/junit-platform-commons/1.5.2/junit-platform-commons-1.5.2.jar:/home/parzival/.m2/repository/org/junit/jupiter/junit-jupiter-params/5.5.2/junit-jupiter-params-5.5.2.jar:/home/parzival/.m2/repository/org/junit/jupiter/junit-jupiter-engine/5.5.2/junit-jupiter-engine-5.5.2.jar:/home/parzival/.m2/repository/org/junit/platform/junit-platform-engine/1.5.2/junit-platform-engine-1.5.2.jar:/home/parzival/.m2/repository/org/mockito/mockito-junit-jupiter/3.0.0/mockito-junit-jupiter-3.0.0.jar:/home/parzival/.m2/repository/org/assertj/assertj-core/3.13.2/assertj-core-3.13.2.jar:/home/parzival/.m2/repository/org/hamcrest/hamcrest/2.1/hamcrest-2.1.jar:/home/parzival/.m2/repository/org/mockito/mockito-core/3.0.0/mockito-core-3.0.0.jar:/home/parzival/.m2/repository/net/bytebuddy/byte-buddy/1.10.1/byte-buddy-1.10.1.jar:/home/parzival/.m2/repository/net/bytebuddy/byte-buddy-agent/1.10.1/byte-buddy-agent-1.10.1.jar:/home/parzival/.m2/repository/org/objenesis/objenesis/2.6/objenesis-2.6.jar:/home/parzival/.m2/repository/org/skyscreamer/jsonassert/1.5.0/jsonassert-1.5.0.jar:/home/parzival/.m2/repository/com/vaadin/external/google/android-json/0.0.20131108.vaadin1/android-json-0.0.20131108.vaadin1.jar:/home/parzival/.m2/repository/org/springframework/spring-core/5.2.0.RC2/spring-core-5.2.0.RC2.jar:/home/parzival/.m2/repository/org/springframework/spring-test/5.2.0.RC2/spring-test-5.2.0.RC2.jar:/home/parzival/.m2/repository/org/xmlunit/xmlunit-core/2.6.3/xmlunit-core-2.6.3.jar:/home/parzival/.m2/repository/org/springframework/security/spring-security-test/5.2.0.RC1/spring-security-test-5.2.0.RC1.jar:/home/parzival/.m2/repository/org/springframework/security/spring-security-core/5.2.0.RC1/spring-security-core-5.2.0.RC1.jar:/home/parzival/.m2/repository/org/jtwig/jtwig-spring-boot-starter/5.87.0.RELEASE/jtwig-spring-boot-starter-5.87.0.RELEASE.jar:/home/parzival/.m2/repository/org/jtwig/jtwig-spring/5.87.0.RELEASE/jtwig-spring-5.87.0.RELEASE.jar:/home/parzival/.m2/repository/org/jtwig/jtwig-web/5.87.0.RELEASE/jtwig-web-5.87.0.RELEASE.jar:/home/parzival/.m2/repository/org/jtwig/jtwig-core/5.87.0.RELEASE/jtwig-core-5.87.0.RELEASE.jar:/home/parzival/.m2/repository/org/jtwig/jtwig-reflection/5.87.0.RELEASE/jtwig-reflection-5.87.0.RELEASE.jar:/home/parzival/.m2/repository/org/parboiled/parboiled-java/1.1.7/parboiled-java-1.1.7.jar:/home/parzival/.m2/repository/org/parboiled/parboiled-core/1.1.7/parboiled-core-1.1.7.jar:/home/parzival/.m2/repository/org/ow2/asm/asm-tree/5.0.3/asm-tree-5.0.3.jar:/home/parzival/.m2/repository/org/ow2/asm/asm-analysis/5.0.3/asm-analysis-5.0.3.jar:/home/parzival/.m2/repository/org/ow2/asm/asm-util/5.0.3/asm-util-5.0.3.jar:/home/parzival/.m2/repository/com/googlecode/concurrentlinkedhashmap/concurrentlinkedhashmap-lru/1.4.2/concurrentlinkedhashmap-lru-1.4.2.jar:/home/parzival/.m2/repository/org/apache/httpcomponents/httpclient/4.5.9/httpclient-4.5.9.jar:/home/parzival/.m2/repository/org/apache/httpcomponents/httpcore/4.4.12/httpcore-4.4.12.jar:/home/parzival/.m2/repository/commons-codec/commons-codec/1.13/commons-codec-1.13.jar:/home/parzival/.m2/repository/com/google/guava/guava/18.0/guava-18.0.jar:/home/parzival/.m2/repository/org/apache/commons/commons-lang3/3.9/commons-lang3-3.9.jar:/home/parzival/.m2/repository/org/springframework/boot/spring-boot-configuration-processor/2.2.0.M6/spring-boot-configuration-processor-2.2.0.M6.jar:"/>
    <property name="sun.cpu.endian" value="little"/>
    <property name="user.home" value="/home/parzival"/>
    <property name="user.language" value="en"/>
    <property name="java.specification.vendor" value="Oracle Corporation"/>
    <property name="java.home" value="/usr/lib/jvm/java-8-openjdk/jre"/>
    <property name="basedir" value="/home/parzival/Repos/GenMed-Spring/genmed"/>
    <property name="file.separator" value="/"/>
    <property name="line.separator" value="&#10;"/>
    <property name="java.vm.specification.vendor" value="Oracle Corporation"/>
    <property name="java.specification.name" value="Java Platform API Specification"/>
    <property name="java.awt.graphicsenv" value="sun.awt.X11GraphicsEnvironment"/>
    <property name="surefire.real.class.path" value="/home/parzival/Repos/GenMed-Spring/genmed/target/surefire/surefirebooter1718861588666599233.jar"/>
    <property name="sun.boot.class.path" value="/usr/lib/jvm/java-8-openjdk/jre/lib/resources.jar:/usr/lib/jvm/java-8-openjdk/jre/lib/rt.jar:/usr/lib/jvm/java-8-openjdk/jre/lib/sunrsasign.jar:/usr/lib/jvm/java-8-openjdk/jre/lib/jsse.jar:/usr/lib/jvm/java-8-openjdk/jre/lib/jce.jar:/usr/lib/jvm/java-8-openjdk/jre/lib/charsets.jar:/usr/lib/jvm/java-8-openjdk/jre/lib/jfr.jar:/usr/lib/jvm/java-8-openjdk/jre/classes"/>
    <property name="sun.management.compiler" value="HotSpot 64-Bit Tiered Compilers"/>
    <property name="java.runtime.version" value="1.8.0_222-b05"/>
    <property name="user.name" value="parzival"/>
    <property name="path.separator" value=":"/>
    <property name="os.version" value="4.19.45-1-MANJARO"/>
    <property name="java.endorsed.dirs" value="/usr/lib/jvm/java-8-openjdk/jre/lib/endorsed"/>
    <property name="java.runtime.name" value="OpenJDK Runtime Environment"/>
    <property name="file.encoding" value="UTF-8"/>
    <property name="java.vm.name" value="OpenJDK 64-Bit Server VM"/>
    <property name="localRepository" value="/home/parzival/.m2/repository"/>
    <property name="java.vendor.url.bug" value="http://bugreport.sun.com/bugreport/"/>
    <property name="java.io.tmpdir" value="/tmp"/>
    <property name="java.version" value="1.8.0_222"/>
    <property name="user.dir" value="/home/parzival/Repos/GenMed-Spring/genmed"/>
    <property name="os.arch" value="amd64"/>
    <property name="java.vm.specification.name" value="Java Virtual Machine Specification"/>
    <property name="java.awt.printerjob" value="sun.print.PSPrinterJob"/>
    <property name="sun.os.patch.level" value="unknown"/>
    <property name="java.library.path" value="/usr/java/packages/lib/amd64:/usr/lib64:/lib64:/lib:/usr/lib"/>
    <property name="java.vm.info" value="mixed mode"/>
    <property name="java.vendor" value="Oracle Corporation"/>
    <property name="java.vm.version" value="25.222-b05"/>
    <property name="java.ext.dirs" value="/usr/lib/jvm/java-8-openjdk/jre/lib/ext:/usr/java/packages/lib/ext"/>
    <property name="sun.io.unicode.encoding" value="UnicodeLittle"/>
    <property name="java.class.version" value="52.0"/>
  </properties>
  <testcase name="contextLoads" classname="com.genmed.genmed.WebApplicationTests" time="0.345"/>
</testsuite>